<?xml version="1.0" encoding="UTF-8"?>
<testExecutions version="1">
  <file path="C:/Users/PR20554201/Desktop/NodeApp/frontend/src/index.test.js">
    <testCase name="Index renders without crashing" duration="0">
      <skipped/>
    </testCase>
  </file>
  <file path="C:/Users/PR20554201/Desktop/NodeApp/frontend/src/index.test.js">
    <testCase name="Index index file exists" duration="2">
    </testCase>
  </file>
  <file path="C:/Users/PR20554201/Desktop/NodeApp/frontend/src/App.test.js">
    <testCase name="App Component renders without crashing" duration="58">
    </testCase>
  </file>
  <file path="C:/Users/PR20554201/Desktop/NodeApp/frontend/src/App.test.js">
    <testCase name="App Component renders with correct structure" duration="21">
    </testCase>
  </file>
  <file path="C:/Users/PR20554201/Desktop/NodeApp/frontend/src/components/Header.test.js">
    <testCase name="Header Component renders without crashing" duration="73">
    </testCase>
  </file>
  <file path="C:/Users/PR20554201/Desktop/NodeApp/frontend/src/components/Header.test.js">
    <testCase name="Header Component has the correct class name" duration="6">
    </testCase>
  </file>
  <file path="C:/Users/PR20554201/Desktop/NodeApp/frontend/src/components/Header.test.js">
    <testCase name="Header Component contains logo element" duration="6">
    </testCase>
  </file>
  <file path="C:/Users/PR20554201/Desktop/NodeApp/frontend/src/components/Footer.test.js">
    <testCase name="Footer Component renders without crashing" duration="70">
    </testCase>
  </file>
  <file path="C:/Users/PR20554201/Desktop/NodeApp/frontend/src/components/Footer.test.js">
    <testCase name="Footer Component has the correct class name" duration="8">
    </testCase>
  </file>
  <file path="C:/Users/PR20554201/Desktop/NodeApp/frontend/src/components/Footer.test.js">
    <testCase name="Footer Component displays the current year" duration="8">
    </testCase>
  </file>
  <file path="C:/Users/PR20554201/Desktop/NodeApp/frontend/src/components/Main.test.js">
    <testCase name="Main Component renders without crashing" duration="35">
    </testCase>
  </file>
  <file path="C:/Users/PR20554201/Desktop/NodeApp/frontend/src/components/Main.test.js">
    <testCase name="Main Component has the correct class name" duration="12">
    </testCase>
  </file>
  <file path="C:/Users/PR20554201/Desktop/NodeApp/frontend/src/components/Main.test.js">
    <testCase name="Main Component contains heading element" duration="41">
    </testCase>
  </file>
  <file path="C:/Users/PR20554201/Desktop/NodeApp/frontend/src/components/Main.test.js">
    <testCase name="Main Component heading and paragraph have correct text content" duration="3">
    </testCase>
  </file>
  <file path="C:/Users/PR20554201/Desktop/NodeApp/frontend/src/components/Main.test.js">
    <testCase name="Main Component paragraph has correct styling" duration="9">
    </testCase>
  </file>
</testExecutions>